[INFO][server.go:38] 2024/06/23 00:06:08 start listen...
[INFO][server.go:68] 2024/06/23 00:06:17 accept link...
[INFO][handler.go:80] 2024/06/23 00:06:28 connection closed 127.0.0.1:63426
[INFO][server.go:50] 2024/06/23 00:11:22 shutting down
[INFO][handler.go:112] 2024/06/23 00:11:22 handler shutting down
[INFO][server.go:38] 2024/06/23 00:18:41 start listen...
[INFO][server.go:68] 2024/06/23 00:18:48 accept link...
[INFO][server.go:50] 2024/06/23 00:26:41 shutting down
[INFO][handler.go:112] 2024/06/23 00:26:41 handler shutting down
[INFO][handler.go:70] 2024/06/23 00:26:41 connection closed 127.0.0.1:64169
[INFO][handler.go:112] 2024/06/23 00:26:41 handler shutting down
[INFO][server.go:38] 2024/06/23 00:26:45 start listen...
[INFO][server.go:68] 2024/06/23 00:27:03 accept link...
[INFO][handler.go:81] 2024/06/23 00:31:38 connection closed 127.0.0.1:64255
[INFO][server.go:50] 2024/06/23 00:31:39 shutting down
[INFO][handler.go:113] 2024/06/23 00:31:39 handler shutting down
[INFO][handler.go:113] 2024/06/23 00:31:39 handler shutting down
[INFO][server.go:38] 2024/06/23 00:31:44 start listen...
[INFO][server.go:68] 2024/06/23 00:31:46 accept link...
[INFO][handler.go:80] 2024/06/23 00:32:03 connection closed 127.0.0.1:64361
[INFO][server.go:50] 2024/06/23 00:32:06 shutting down
[INFO][handler.go:112] 2024/06/23 00:32:06 handler shutting down
