[INFO][server.go:38] 2024/06/24 15:02:10 start listen...
[INFO][server.go:50] 2024/06/24 15:02:47 shutting down
[INFO][handler.go:112] 2024/06/24 15:02:47 handler shutting down
[INFO][server.go:38] 2024/06/24 15:04:32 start listen...
[INFO][server.go:68] 2024/06/24 15:07:52 accept link...
[INFO][server.go:50] 2024/06/24 15:08:39 shutting down
[INFO][handler.go:112] 2024/06/24 15:08:39 handler shutting down
[INFO][handler.go:70] 2024/06/24 15:08:39 connection closed 127.0.0.1:61296
[INFO][handler.go:112] 2024/06/24 15:08:39 handler shutting down
[INFO][server.go:38] 2024/06/24 15:08:41 start listen...
[INFO][server.go:50] 2024/06/24 15:08:47 shutting down
[INFO][handler.go:112] 2024/06/24 15:08:47 handler shutting down
[INFO][server.go:38] 2024/06/24 15:09:23 start listen...
[INFO][server.go:68] 2024/06/24 15:09:34 accept link...
[INFO][server.go:50] 2024/06/24 15:10:52 shutting down
[INFO][handler.go:112] 2024/06/24 15:10:52 handler shutting down
[INFO][handler.go:70] 2024/06/24 15:10:52 connection closed 127.0.0.1:61333
[INFO][handler.go:112] 2024/06/24 15:10:52 handler shutting down
[INFO][server.go:38] 2024/06/24 15:10:54 start listen...
[INFO][server.go:68] 2024/06/24 15:11:09 accept link...
[INFO][server.go:50] 2024/06/24 15:11:24 shutting down
[INFO][handler.go:112] 2024/06/24 15:11:24 handler shutting down
[INFO][handler.go:70] 2024/06/24 15:11:24 connection closed 127.0.0.1:61396
[INFO][handler.go:112] 2024/06/24 15:11:24 handler shutting down
[INFO][server.go:38] 2024/06/24 15:11:43 start listen...
[INFO][server.go:68] 2024/06/24 15:11:48 accept link...
[INFO][handler.go:80] 2024/06/24 15:35:55 connection closed 127.0.0.1:61416
[INFO][server.go:50] 2024/06/24 15:35:56 shutting down
[INFO][handler.go:112] 2024/06/24 15:35:56 handler shutting down
[INFO][server.go:38] 2024/06/24 15:35:58 start listen...
[INFO][server.go:68] 2024/06/24 15:36:02 accept link...
[INFO][server.go:50] 2024/06/24 16:21:10 shutting down
[INFO][handler.go:112] 2024/06/24 16:21:10 handler shutting down
[INFO][handler.go:70] 2024/06/24 16:21:10 connection closed 127.0.0.1:49226
[INFO][handler.go:112] 2024/06/24 16:21:10 handler shutting down
[INFO][server.go:38] 2024/06/24 16:21:16 start listen...
[INFO][server.go:68] 2024/06/24 16:21:23 accept link...
[INFO][server.go:50] 2024/06/24 16:24:50 shutting down
[INFO][handler.go:114] 2024/06/24 16:24:50 handler shutting down
[INFO][handler.go:71] 2024/06/24 16:24:50 connection closed 127.0.0.1:50484
[INFO][handler.go:114] 2024/06/24 16:24:50 handler shutting down
[INFO][server.go:38] 2024/06/24 16:24:52 start listen...
[INFO][server.go:68] 2024/06/24 16:24:59 accept link...
[INFO][server.go:50] 2024/06/24 16:25:29 shutting down
[INFO][handler.go:114] 2024/06/24 16:25:29 handler shutting down
[INFO][handler.go:71] 2024/06/24 16:25:29 connection closed 127.0.0.1:50659
[INFO][handler.go:114] 2024/06/24 16:25:29 handler shutting down
[INFO][server.go:38] 2024/06/24 16:25:31 start listen...
[INFO][server.go:68] 2024/06/24 16:25:36 accept link...
[INFO][server.go:38] 2024/06/24 16:37:58 start listen...
[INFO][server.go:68] 2024/06/24 16:38:02 accept link...
