[INFO][server.go:38] 2024/06/07 10:10:33 start listen...
[INFO][server.go:50] 2024/06/07 10:10:38 shutting down
[INFO][handler.go:109] 2024/06/07 10:10:38 handler shutting down
[INFO][server.go:38] 2024/06/07 10:10:46 start listen...
[INFO][server.go:68] 2024/06/07 10:11:05 accept link...
[INFO][server.go:50] 2024/06/07 10:14:25 shutting down
[INFO][handler.go:109] 2024/06/07 10:14:25 handler shutting down
[INFO][handler.go:70] 2024/06/07 10:14:25 connection closed 127.0.0.1:53092
[INFO][handler.go:109] 2024/06/07 10:14:25 handler shutting down
[INFO][server.go:38] 2024/06/07 10:16:56 start listen...
[INFO][server.go:68] 2024/06/07 10:17:14 accept link...
[INFO][server.go:50] 2024/06/07 10:21:53 shutting down
[INFO][handler.go:109] 2024/06/07 10:21:53 handler shutting down
[INFO][handler.go:70] 2024/06/07 10:21:53 connection closed 127.0.0.1:53188
[INFO][handler.go:109] 2024/06/07 10:21:53 handler shutting down
[INFO][server.go:38] 2024/06/07 10:21:54 start listen...
[INFO][server.go:68] 2024/06/07 10:22:07 accept link...
[INFO][server.go:50] 2024/06/07 10:22:59 shutting down
[INFO][handler.go:111] 2024/06/07 10:22:59 handler shutting down
[INFO][handler.go:71] 2024/06/07 10:22:59 connection closed 127.0.0.1:53309
[INFO][handler.go:111] 2024/06/07 10:22:59 handler shutting down
[INFO][server.go:38] 2024/06/07 10:23:01 start listen...
[INFO][server.go:68] 2024/06/07 10:23:11 accept link...
[INFO][server.go:50] 2024/06/07 10:24:02 shutting down
[INFO][handler.go:112] 2024/06/07 10:24:02 handler shutting down
[INFO][handler.go:71] 2024/06/07 10:24:02 connection closed 127.0.0.1:53327
[INFO][handler.go:112] 2024/06/07 10:24:02 handler shutting down
[INFO][server.go:38] 2024/06/07 10:24:14 start listen...
[INFO][server.go:68] 2024/06/07 10:24:26 accept link...
[INFO][server.go:50] 2024/06/07 10:25:16 shutting down
[INFO][handler.go:112] 2024/06/07 10:25:16 handler shutting down
[INFO][handler.go:71] 2024/06/07 10:25:16 connection closed 127.0.0.1:53338
[INFO][handler.go:112] 2024/06/07 10:25:16 handler shutting down
[INFO][server.go:38] 2024/06/07 10:25:18 start listen...
[INFO][server.go:68] 2024/06/07 10:25:26 accept link...
[INFO][server.go:38] 2024/06/07 10:30:16 start listen...
[INFO][server.go:68] 2024/06/07 10:30:22 accept link...
[INFO][server.go:50] 2024/06/07 11:07:38 shutting down
[INFO][handler.go:112] 2024/06/07 11:07:38 handler shutting down
[INFO][handler.go:70] 2024/06/07 11:07:38 connection closed 127.0.0.1:53510
[INFO][handler.go:112] 2024/06/07 11:07:38 handler shutting down
