[INFO][server.go:38] 2024/06/22 23:26:51 start listen...
[INFO][server.go:68] 2024/06/22 23:27:00 accept link...
[INFO][server.go:50] 2024/06/22 23:29:46 shutting down
[INFO][handler.go:112] 2024/06/22 23:29:46 handler shutting down
[INFO][handler.go:70] 2024/06/22 23:29:46 connection closed 127.0.0.1:64080
[INFO][handler.go:112] 2024/06/22 23:29:46 handler shutting down
[INFO][server.go:38] 2024/06/22 23:29:52 start listen...
[INFO][server.go:68] 2024/06/22 23:30:05 accept link...
[INFO][server.go:50] 2024/06/22 23:30:39 shutting down
[INFO][handler.go:112] 2024/06/22 23:30:39 handler shutting down
[INFO][echo_database.go:29] 2024/06/22 23:30:39 EchoDatabase Close
[INFO][echo_database.go:25] 2024/06/22 23:30:39 EchoDatabase AfterClientClose
[INFO][handler.go:70] 2024/06/22 23:30:39 connection closed 127.0.0.1:64111
[INFO][handler.go:112] 2024/06/22 23:30:39 handler shutting down
[INFO][echo_database.go:29] 2024/06/22 23:30:39 EchoDatabase Close
[INFO][server.go:38] 2024/06/22 23:35:47 start listen...
[INFO][server.go:68] 2024/06/22 23:35:50 accept link...
[INFO][server.go:50] 2024/06/22 23:39:56 shutting down
[INFO][handler.go:112] 2024/06/22 23:39:56 handler shutting down
[INFO][handler.go:70] 2024/06/22 23:39:56 connection closed 127.0.0.1:64421
[INFO][handler.go:112] 2024/06/22 23:39:56 handler shutting down
[INFO][server.go:38] 2024/06/22 23:40:01 start listen...
[INFO][server.go:68] 2024/06/22 23:40:43 accept link...
[INFO][handler.go:80] 2024/06/22 23:42:47 connection closed 127.0.0.1:64467
[INFO][server.go:50] 2024/06/22 23:45:07 shutting down
[INFO][handler.go:112] 2024/06/22 23:45:07 handler shutting down
[INFO][server.go:38] 2024/06/22 23:45:11 start listen...
[INFO][server.go:68] 2024/06/22 23:46:28 accept link...
[INFO][handler.go:80] 2024/06/22 23:48:39 connection closed 127.0.0.1:64511
[INFO][server.go:50] 2024/06/22 23:48:54 shutting down
[INFO][handler.go:112] 2024/06/22 23:48:54 handler shutting down
[INFO][server.go:38] 2024/06/22 23:49:00 start listen...
[INFO][server.go:68] 2024/06/22 23:49:00 accept link...
[INFO][handler.go:80] 2024/06/22 23:52:22 connection closed 127.0.0.1:64528
[INFO][server.go:68] 2024/06/22 23:53:25 accept link...
[INFO][handler.go:80] 2024/06/22 23:56:54 connection closed 127.0.0.1:64616
[INFO][server.go:50] 2024/06/22 23:56:55 shutting down
[INFO][handler.go:112] 2024/06/22 23:56:55 handler shutting down
[INFO][server.go:38] 2024/06/22 23:56:59 start listen...
[INFO][server.go:68] 2024/06/22 23:57:10 accept link...
[INFO][server.go:50] 2024/06/23 00:06:02 shutting down
[INFO][handler.go:112] 2024/06/23 00:06:02 handler shutting down
[INFO][handler.go:70] 2024/06/23 00:06:02 connection closed 127.0.0.1:64649
[INFO][handler.go:112] 2024/06/23 00:06:02 handler shutting down
