This file contains any messages produced by compilers while
running configure, to aid debugging if configure makes a mistake.

It was created by configure, which was
generated by GNU Autoconf 2.69.  Invocation command line was

  $ ./configure --with-php-config=/usr/local/php7/bin/php-config

## --------- ##
## Platform. ##
## --------- ##

hostname = localhost.localdomain
uname -m = x86_64
uname -r = 3.10.0-1062.el7.x86_64
uname -s = Linux
uname -v = #1 SMP Wed Aug 7 18:08:02 UTC 2019

/usr/bin/uname -p = x86_64
/bin/uname -X     = unknown

/bin/arch              = x86_64
/usr/bin/arch -k       = unknown
/usr/convex/getsysinfo = unknown
/usr/bin/hostinfo      = unknown
/bin/machine           = unknown
/usr/bin/oslevel       = unknown
/bin/universe          = unknown

PATH: /usr/local/sbin
PATH: /usr/local/bin
PATH: /usr/sbin
PATH: /usr/bin
PATH: /root/bin


## ----------- ##
## Core tests. ##
## ----------- ##

configure:2294: checking for grep that handles long lines and -e
configure:2352: result: /usr/bin/grep
configure:2357: checking for egrep
configure:2419: result: /usr/bin/grep -E
configure:2424: checking for a sed that does not truncate output
configure:2478: result: /usr/bin/sed
configure:2615: checking for cc
configure:2631: found /usr/bin/cc
configure:2642: result: cc
configure:2673: checking for C compiler version
configure:2682: cc --version >&5
cc (GCC) 4.8.5 20150623 (Red Hat 4.8.5-44)
Copyright (C) 2015 Free Software Foundation, Inc.
This is free software; see the source for copying conditions.  There is NO
warranty; not even for MERCHANTABILITY or FITNESS FOR A PARTICULAR PURPOSE.

configure:2693: $? = 0
configure:2682: cc -v >&5
Using built-in specs.
COLLECT_GCC=cc
COLLECT_LTO_WRAPPER=/usr/libexec/gcc/x86_64-redhat-linux/4.8.5/lto-wrapper
Target: x86_64-redhat-linux
Configured with: ../configure --prefix=/usr --mandir=/usr/share/man --infodir=/usr/share/info --with-bugurl=http://bugzilla.redhat.com/bugzilla --enable-bootstrap --enable-shared --enable-threads=posix --enable-checking=release --with-system-zlib --enable-__cxa_atexit --disable-libunwind-exceptions --enable-gnu-unique-object --enable-linker-build-id --with-linker-hash-style=gnu --enable-languages=c,c++,objc,obj-c++,java,fortran,ada,go,lto --enable-plugin --enable-initfini-array --disable-libgcj --with-isl=/builddir/build/BUILD/gcc-4.8.5-20150702/obj-x86_64-redhat-linux/isl-install --with-cloog=/builddir/build/BUILD/gcc-4.8.5-20150702/obj-x86_64-redhat-linux/cloog-install --enable-gnu-indirect-function --with-tune=generic --with-arch_32=x86-64 --build=x86_64-redhat-linux
Thread model: posix
gcc version 4.8.5 20150623 (Red Hat 4.8.5-44) (GCC) 
configure:2693: $? = 0
configure:2682: cc -V >&5
cc: error: unrecognized command line option '-V'
cc: fatal error: no input files
compilation terminated.
configure:2693: $? = 4
configure:2682: cc -qversion >&5
cc: error: unrecognized command line option '-qversion'
cc: fatal error: no input files
compilation terminated.
configure:2693: $? = 4
configure:2713: checking whether the C compiler works
configure:2735: cc    conftest.c  >&5
configure:2739: $? = 0
configure:2787: result: yes
configure:2790: checking for C compiler default output file name
configure:2792: result: a.out
configure:2798: checking for suffix of executables
configure:2805: cc -o conftest    conftest.c  >&5
configure:2809: $? = 0
configure:2831: result: 
configure:2853: checking whether we are cross compiling
configure:2861: cc -o conftest    conftest.c  >&5
configure:2865: $? = 0
configure:2872: ./conftest
configure:2876: $? = 0
configure:2891: result: no
configure:2896: checking for suffix of object files
configure:2918: cc -c   conftest.c >&5
configure:2922: $? = 0
configure:2943: result: o
configure:2947: checking whether we are using the GNU C compiler
configure:2966: cc -c   conftest.c >&5
configure:2966: $? = 0
configure:2975: result: yes
configure:2984: checking whether cc accepts -g
configure:3004: cc -c -g  conftest.c >&5
configure:3004: $? = 0
configure:3045: result: yes
configure:3062: checking for cc option to accept ISO C89
configure:3125: cc  -c -g -O2  conftest.c >&5
configure:3125: $? = 0
configure:3138: result: none needed
configure:3164: checking how to run the C preprocessor
configure:3195: cc -E  conftest.c
configure:3195: $? = 0
configure:3209: cc -E  conftest.c
conftest.c:9:28: fatal error: ac_nonexistent.h: No such file or directory
 #include <ac_nonexistent.h>
                            ^
compilation terminated.
configure:3209: $? = 1
configure: failed program was:
| /* confdefs.h */
| #define PACKAGE_NAME ""
| #define PACKAGE_TARNAME ""
| #define PACKAGE_VERSION ""
| #define PACKAGE_STRING ""
| #define PACKAGE_BUGREPORT ""
| #define PACKAGE_URL ""
| /* end confdefs.h.  */
| #include <ac_nonexistent.h>
configure:3234: result: cc -E
configure:3254: cc -E  conftest.c
configure:3254: $? = 0
configure:3268: cc -E  conftest.c
conftest.c:9:28: fatal error: ac_nonexistent.h: No such file or directory
 #include <ac_nonexistent.h>
                            ^
compilation terminated.
configure:3268: $? = 1
configure: failed program was:
| /* confdefs.h */
| #define PACKAGE_NAME ""
| #define PACKAGE_TARNAME ""
| #define PACKAGE_VERSION ""
| #define PACKAGE_STRING ""
| #define PACKAGE_BUGREPORT ""
| #define PACKAGE_URL ""
| /* end confdefs.h.  */
| #include <ac_nonexistent.h>
configure:3299: checking for icc
configure:3308: result: no
configure:3322: checking for suncc
configure:3331: result: no
configure:3349: checking whether cc understands -c and -o together
configure:3377: cc -c conftest.c -o conftest2.o >&5
configure:3381: $? = 0
configure:3387: cc -c conftest.c -o conftest2.o >&5
configure:3391: $? = 0
configure:3446: result: yes
configure:3460: checking for system library directory
configure:3475: result: lib
configure:3482: checking if compiler supports -R
configure:3501: cc -o conftest -g -O2   conftest.c -R /usr/lib  >&5
cc: error: unrecognized command line option '-R'
configure:3501: $? = 1
configure: failed program was:
| /* confdefs.h */
| #define PACKAGE_NAME ""
| #define PACKAGE_TARNAME ""
| #define PACKAGE_VERSION ""
| #define PACKAGE_STRING ""
| #define PACKAGE_BUGREPORT ""
| #define PACKAGE_URL ""
| /* end confdefs.h.  */
| 
| int
| main ()
| {
| 
|   ;
|   return 0;
| }
configure:3511: result: no
configure:3516: checking if compiler supports -Wl,-rpath,
configure:3535: cc -o conftest -g -O2   conftest.c -Wl,-rpath,/usr/lib  >&5
configure:3535: $? = 0
configure:3545: result: yes
configure:3590: checking build system type
configure:3604: result: x86_64-pc-linux-gnu
configure:3624: checking host system type
configure:3637: result: x86_64-pc-linux-gnu
configure:3657: checking target system type
configure:3670: result: x86_64-pc-linux-gnu
configure:3773: checking for PHP prefix
configure:3775: result: /usr/local/php7
configure:3777: checking for PHP includes
configure:3779: result: -I/usr/local/php7/include/php -I/usr/local/php7/include/php/main -I/usr/local/php7/include/php/TSRM -I/usr/local/php7/include/php/Zend -I/usr/local/php7/include/php/ext -I/usr/local/php7/include/php/ext/date/lib
configure:3781: checking for PHP extension directory
configure:3783: result: /usr/local/php7/lib/php/extensions/no-debug-non-zts-20180731
configure:3785: checking for PHP installed headers prefix
configure:3787: result: /usr/local/php7/include/php
configure:3790: checking if debug is enabled
configure:3816: result: no
configure:3819: checking if zts is enabled
configure:3845: result: no
configure:3916: checking for re2c
configure:3932: found /usr/bin/re2c
configure:3943: result: re2c
configure:3952: checking for re2c version
configure:3966: result: 0.14.3 (ok)
configure:3985: checking for gawk
configure:4002: found /usr/bin/gawk
configure:4013: result: gawk
configure:4056: checking whether to enable tinyswoole support
configure:4095: result: yes, shared
configure:4457: checking for ld used by cc
configure:4524: result: /usr/bin/ld
configure:4531: checking if the linker (/usr/bin/ld) is GNU ld
configure:4546: result: yes
configure:4551: checking for /usr/bin/ld option to reload object files
configure:4558: result: -r
configure:4576: checking for BSD-compatible nm
configure:4625: result: /usr/bin/nm -B
configure:4629: checking whether ln -s works
configure:4633: result: yes
configure:4640: checking how to recognize dependent libraries
configure:4826: result: pass_all
configure:4911: cc -c -g -O2  conftest.c >&5
configure:4914: $? = 0
configure:5044: checking for ANSI C header files
configure:5064: cc -c -g -O2  conftest.c >&5
configure:5064: $? = 0
configure:5137: cc -o conftest -g -O2   conftest.c  >&5
configure:5137: $? = 0
configure:5137: ./conftest
configure:5137: $? = 0
configure:5148: result: yes
configure:5161: checking for sys/types.h
configure:5161: cc -c -g -O2  conftest.c >&5
configure:5161: $? = 0
configure:5161: result: yes
configure:5161: checking for sys/stat.h
configure:5161: cc -c -g -O2  conftest.c >&5
configure:5161: $? = 0
configure:5161: result: yes
configure:5161: checking for stdlib.h
configure:5161: cc -c -g -O2  conftest.c >&5
configure:5161: $? = 0
configure:5161: result: yes
configure:5161: checking for string.h
configure:5161: cc -c -g -O2  conftest.c >&5
configure:5161: $? = 0
configure:5161: result: yes
configure:5161: checking for memory.h
configure:5161: cc -c -g -O2  conftest.c >&5
configure:5161: $? = 0
configure:5161: result: yes
configure:5161: checking for strings.h
configure:5161: cc -c -g -O2  conftest.c >&5
configure:5161: $? = 0
configure:5161: result: yes
configure:5161: checking for inttypes.h
configure:5161: cc -c -g -O2  conftest.c >&5
configure:5161: $? = 0
configure:5161: result: yes
configure:5161: checking for stdint.h
configure:5161: cc -c -g -O2  conftest.c >&5
configure:5161: $? = 0
configure:5161: result: yes
configure:5161: checking for unistd.h
configure:5161: cc -c -g -O2  conftest.c >&5
configure:5161: $? = 0
configure:5161: result: yes
configure:5175: checking dlfcn.h usability
configure:5175: cc -c -g -O2  conftest.c >&5
configure:5175: $? = 0
configure:5175: result: yes
configure:5175: checking dlfcn.h presence
configure:5175: cc -E  conftest.c
configure:5175: $? = 0
configure:5175: result: yes
configure:5175: checking for dlfcn.h
configure:5175: result: yes
configure:5197: checking the maximum length of command line arguments
configure:5309: result: 1572864
configure:5321: checking command to parse /usr/bin/nm -B output from cc object
configure:5426: cc -c -g -O2  conftest.c >&5
configure:5429: $? = 0
configure:5433: /usr/bin/nm -B conftest.o \| sed -n -e 's/^.*[ 	]\([ABCDGIRSTW][ABCDGIRSTW]*\)[ 	][ 	]*\([_A-Za-z][_A-Za-z0-9]*\)$/\1 \2 \2/p' \> conftest.nm
configure:5436: $? = 0
configure:5488: cc -o conftest -g -O2   conftest.c conftstm.o >&5
configure:5491: $? = 0
configure:5529: result: ok
configure:5533: checking for objdir
configure:5548: result: .libs
configure:5640: checking for ar
configure:5656: found /usr/bin/ar
configure:5667: result: ar
configure:5732: checking for ranlib
configure:5748: found /usr/bin/ranlib
configure:5759: result: ranlib
configure:5824: checking for strip
configure:5840: found /usr/bin/strip
configure:5851: result: strip
configure:6420: checking if cc supports -fno-rtti -fno-exceptions
configure:6438: cc -c -g -O2  -fno-rtti -fno-exceptions conftest.c >&5
cc1: warning: command line option '-fno-rtti' is valid for C++/ObjC++ but not for C [enabled by default]
configure:6442: $? = 0
configure:6455: result: no
configure:6470: checking for cc option to produce PIC
configure:6710: result: -fPIC
configure:6718: checking if cc PIC flag -fPIC works
configure:6736: cc -c -g -O2  -fPIC -DPIC conftest.c >&5
configure:6740: $? = 0
configure:6753: result: yes
configure:6781: checking if cc static flag -static works
configure:6809: result: no
configure:6819: checking if cc supports -c -o file.o
configure:6840: cc -c -g -O2  -o out/conftest2.o conftest.c >&5
configure:6844: $? = 0
configure:6866: result: yes
configure:6892: checking whether the cc linker (/usr/bin/ld -m elf_x86_64) supports shared libraries
configure:7820: result: yes
configure:7841: checking whether -lc should be explicitly linked in
configure:7846: cc -c -g -O2  conftest.c >&5
configure:7849: $? = 0
configure:7864: cc -shared conftest.o  -v -Wl,-soname -Wl,conftest -o conftest 2\>\&1 \| grep  -lc  \>/dev/null 2\>\&1
configure:7867: $? = 0
configure:7879: result: no
configure:7887: checking dynamic linker characteristics
configure:8485: result: GNU/Linux ld.so
configure:8509: checking how to hardcode library paths into programs
configure:8534: result: immediate
configure:8548: checking whether stripping libraries is possible
configure:8553: result: yes
configure:9070: checking if libtool supports shared libraries
configure:9072: result: yes
configure:9075: checking whether to build shared libraries
configure:9096: result: yes
configure:9099: checking whether to build static libraries
configure:9103: result: no
configure:9198: result:
creating libtool
configure:12896: creating ./config.status

## ---------------------- ##
## Running config.status. ##
## ---------------------- ##

This file was extended by config.status, which was
generated by GNU Autoconf 2.69.  Invocation command line was

  CONFIG_FILES    = 
  CONFIG_HEADERS  = 
  CONFIG_LINKS    = 
  CONFIG_COMMANDS = 
  $ ./config.status 

on localhost.localdomain

config.status:676: creating config.h

## ---------------- ##
## Cache variables. ##
## ---------------- ##

ac_cv_build=x86_64-pc-linux-gnu
ac_cv_c_compiler_gnu=yes
ac_cv_env_CC_set=
ac_cv_env_CC_value=
ac_cv_env_CFLAGS_set=
ac_cv_env_CFLAGS_value=
ac_cv_env_CPPFLAGS_set=
ac_cv_env_CPPFLAGS_value=
ac_cv_env_CPP_set=
ac_cv_env_CPP_value=
ac_cv_env_LDFLAGS_set=
ac_cv_env_LDFLAGS_value=
ac_cv_env_LIBS_set=
ac_cv_env_LIBS_value=
ac_cv_env_build_alias_set=
ac_cv_env_build_alias_value=
ac_cv_env_host_alias_set=
ac_cv_env_host_alias_value=
ac_cv_env_target_alias_set=
ac_cv_env_target_alias_value=
ac_cv_header_dlfcn_h=yes
ac_cv_header_inttypes_h=yes
ac_cv_header_memory_h=yes
ac_cv_header_stdc=yes
ac_cv_header_stdint_h=yes
ac_cv_header_stdlib_h=yes
ac_cv_header_string_h=yes
ac_cv_header_strings_h=yes
ac_cv_header_sys_stat_h=yes
ac_cv_header_sys_types_h=yes
ac_cv_header_unistd_h=yes
ac_cv_host=x86_64-pc-linux-gnu
ac_cv_objext=o
ac_cv_path_EGREP='/usr/bin/grep -E'
ac_cv_path_GREP=/usr/bin/grep
ac_cv_prog_AWK=gawk
ac_cv_prog_CPP='cc -E'
ac_cv_prog_RE2C=re2c
ac_cv_prog_ac_ct_AR=ar
ac_cv_prog_ac_ct_CC=cc
ac_cv_prog_ac_ct_RANLIB=ranlib
ac_cv_prog_ac_ct_STRIP=strip
ac_cv_prog_cc_c89=
ac_cv_prog_cc_cc_c_o=yes
ac_cv_prog_cc_g=yes
ac_cv_target=x86_64-pc-linux-gnu
lt_cv_deplibs_check_method=pass_all
lt_cv_file_magic_cmd='$MAGIC_CMD'
lt_cv_file_magic_test_file=
lt_cv_ld_reload_flag=-r
lt_cv_objdir=.libs
lt_cv_path_LD=/usr/bin/ld
lt_cv_path_NM='/usr/bin/nm -B'
lt_cv_path_SED=/usr/bin/sed
lt_cv_prog_compiler_c_o=yes
lt_cv_prog_compiler_pic_works=yes
lt_cv_prog_compiler_rtti_exceptions=no
lt_cv_prog_compiler_static_works=no
lt_cv_prog_gnu_ld=yes
lt_cv_sys_global_symbol_pipe='sed -n -e '\''s/^.*[ 	]\([ABCDGIRSTW][ABCDGIRSTW]*\)[ 	][ 	]*\([_A-Za-z][_A-Za-z0-9]*\)$/\1 \2 \2/p'\'''
lt_cv_sys_global_symbol_to_c_name_address='sed -n -e '\''s/^: \([^ ]*\) $/  {\"\1\", (lt_ptr) 0},/p'\'' -e '\''s/^[BCDEGRST] \([^ ]*\) \([^ ]*\)$/  {"\2", (lt_ptr) \&\2},/p'\'''
lt_cv_sys_global_symbol_to_cdecl='sed -n -e '\''s/^. .* \(.*\)$/extern int \1;/p'\'''
lt_cv_sys_lib_dlsearch_path_spec='/lib /usr/lib /usr/lib64//bind9-export/ /usr/local/freetype/lib /usr/local/luajit/lib     /usr/local/mysql/lib     /usr/local/lib /lib /usr/lib /usr/lib64 /usr/local/lib /usr/local/LuaJIT/lib /usr/local/luajit/lib /usr/local/luajit/lib '
lt_cv_sys_lib_search_path_spec='/usr/lib/gcc/x86_64-redhat-linux/4.8.5 /usr/lib64 /lib64'
lt_cv_sys_max_cmd_len=1572864
lt_lt_cv_prog_compiler_c_o='"yes"'
lt_lt_cv_sys_global_symbol_pipe='"sed -n -e '\''s/^.*[ 	]\\([ABCDGIRSTW][ABCDGIRSTW]*\\)[ 	][ 	]*\\([_A-Za-z][_A-Za-z0-9]*\\)\$/\\1 \\2 \\2/p'\''"'
lt_lt_cv_sys_global_symbol_to_c_name_address='"sed -n -e '\''s/^: \\([^ ]*\\) \$/  {\\\"\\1\\\", (lt_ptr) 0},/p'\'' -e '\''s/^[BCDEGRST] \\([^ ]*\\) \\([^ ]*\\)\$/  {\"\\2\", (lt_ptr) \\&\\2},/p'\''"'
lt_lt_cv_sys_global_symbol_to_cdecl='"sed -n -e '\''s/^. .* \\(.*\\)\$/extern int \\1;/p'\''"'
php_cv_cc_dashr=no
php_cv_cc_rpath=yes
php_cv_re2c_version='0.14.3 (ok)'

## ----------------- ##
## Output variables. ##
## ----------------- ##

AR='ar'
AWK='gawk'
CC='cc'
CFLAGS='-g -O2'
CONFIGURE_COMMAND=' '\''./configure'\''  '\''--with-php-config=/usr/local/php7/bin/php-config'\'''
CONFIGURE_OPTIONS=' '\''--with-php-config=/usr/local/php7/bin/php-config'\'''
CPP='cc -E'
CPPFLAGS=' -DHAVE_CONFIG_H'
DEFS='-DHAVE_CONFIG_H'
DSYMUTIL=''
ECHO='echo'
ECHO_C=''
ECHO_N='-n'
ECHO_T=''
EGREP='/usr/bin/grep -E'
EXEEXT=''
GREP='/usr/bin/grep'
LDFLAGS=''
LIBOBJS=''
LIBS=''
LIBTOOL='$(SHELL) $(top_builddir)/libtool'
LN_S='ln -s'
LTLIBOBJS=''
NMEDIT=''
OBJEXT='o'
PACKAGE_BUGREPORT=''
PACKAGE_NAME=''
PACKAGE_STRING=''
PACKAGE_TARNAME=''
PACKAGE_URL=''
PACKAGE_VERSION=''
PATH_SEPARATOR=':'
RANLIB='ranlib'
RE2C='re2c'
SED='/usr/bin/sed'
SHELL='/bin/sh'
SHLIB_DL_SUFFIX_NAME='so'
SHLIB_SUFFIX_NAME='so'
STRIP='strip'
ac_ct_CC='cc'
bindir='${exec_prefix}/bin'
build='x86_64-pc-linux-gnu'
build_alias=''
build_cpu='x86_64'
build_os='linux-gnu'
build_vendor='pc'
datadir='${datarootdir}'
datarootdir='${prefix}/share'
docdir='${datarootdir}/doc/${PACKAGE}'
dvidir='${docdir}'
exec_prefix='$(prefix)'
host='x86_64-pc-linux-gnu'
host_alias='x86_64-pc-linux-gnu'
host_cpu='x86_64'
host_os='linux-gnu'
host_vendor='pc'
htmldir='${docdir}'
includedir='${prefix}/include'
infodir='${datarootdir}/info'
libdir='${exec_prefix}/lib'
libexecdir='${exec_prefix}/libexec'
localedir='${datarootdir}/locale'
localstatedir='${prefix}/var'
mandir='${datarootdir}/man'
oldincludedir='/usr/include'
pdfdir='${docdir}'
prefix='/usr/local/php7'
program_transform_name='s,x,x,'
psdir='${docdir}'
sbindir='${exec_prefix}/sbin'
sharedstatedir='${prefix}/com'
sysconfdir='${prefix}/etc'
target='x86_64-pc-linux-gnu'
target_alias=''
target_cpu='x86_64'
target_os='linux-gnu'
target_vendor='pc'

## ----------- ##
## confdefs.h. ##
## ----------- ##

/* confdefs.h */
#define PACKAGE_NAME ""
#define PACKAGE_TARNAME ""
#define PACKAGE_VERSION ""
#define PACKAGE_STRING ""
#define PACKAGE_BUGREPORT ""
#define PACKAGE_URL ""
#define COMPILE_DL_TINYSWOOLE 1
#define STDC_HEADERS 1
#define HAVE_SYS_TYPES_H 1
#define HAVE_SYS_STAT_H 1
#define HAVE_STDLIB_H 1
#define HAVE_STRING_H 1
#define HAVE_MEMORY_H 1
#define HAVE_STRINGS_H 1
#define HAVE_INTTYPES_H 1
#define HAVE_STDINT_H 1
#define HAVE_UNISTD_H 1
#define HAVE_DLFCN_H 1

configure: exit 0
